13:46:19  14 May -------------------------------------------------------------------------
UpgradeDatabaseNow run in 1469 msec, with no upgrade actions required.




14:12:09  14 May -------------------------------------------------------------------------
UpgradeDatabaseNow run in 391 msec, with no upgrade actions required.




14:37:40  14 May -------------------------------------------------------------------------
UpgradeDatabaseNow run in 921 msec, with no upgrade actions required.




15:04:21  14 May -------------------------------------------------------------------------
UpgradeDatabaseNow run in 625 msec, with no upgrade actions required.




16:21:18  14 May -------------------------------------------------------------------------
UpgradeDatabaseNow run in 281 msec, with no upgrade actions required.




16:27:45  14 May -------------------------------------------------------------------------
UpgradeDatabaseNow run in 1703 msec, with no upgrade actions required.




17:19:31  14 May -------------------------------------------------------------------------
UpgradeDatabaseNow run in 1047 msec, with no upgrade actions required.




17:20:27  14 May -------------------------------------------------------------------------
UpgradeDatabaseNow run in 1437 msec, with no upgrade actions required.




18:15:55  14 May -------------------------------------------------------------------------
UpgradeDatabaseNow run in 1234 msec, with no upgrade actions required.




18:20:22  14 May -------------------------------------------------------------------------
UpgradeDatabaseNow run in 265 msec, with no upgrade actions required.




18:51:33  14 May -------------------------------------------------------------------------
UpgradeDatabaseNow run in 94 msec, with no upgrade actions required.




20:50:16  14 May -------------------------------------------------------------------------
UpgradeDatabaseNow run in 406 msec, with no upgrade actions required.




20:57:31  14 May -------------------------------------------------------------------------
UpgradeDatabaseNow run in 8437 msec, with no upgrade actions required.




21:11:10  14 May -------------------------------------------------------------------------
UpgradeDatabaseNow run in 2954 msec, with no upgrade actions required.




21:17:12  14 May -------------------------------------------------------------------------
UpgradeDatabaseNow run in 828 msec, with no upgrade actions required.




21:28:23  14 May -------------------------------------------------------------------------
UpgradeDatabaseNow run in 1563 msec, with no upgrade actions required.




21:41:11  14 May -------------------------------------------------------------------------
UpgradeDatabaseNow run in 1110 msec, with no upgrade actions required.




22:28:07  14 May -------------------------------------------------------------------------
UpgradeDatabaseNow run in 1813 msec, with no upgrade actions required.




22:30:22  14 May -------------------------------------------------------------------------
UpgradeDatabaseNow run in 1172 msec, with no upgrade actions required.




22:37:54  14 May -------------------------------------------------------------------------
UpgradeDatabaseNow run in 844 msec, with no upgrade actions required.




22:46:09  14 May -------------------------------------------------------------------------
UpgradeDatabaseNow run in 844 msec, with no upgrade actions required.




12:36:20  15 May -------------------------------------------------------------------------
UpgradeDatabaseNow run in 1156 msec, with no upgrade actions required.




13:16:53  15 May -------------------------------------------------------------------------
UpgradeDatabaseNow run in 2922 msec, with no upgrade actions required.




14:05:01  15 May -------------------------------------------------------------------------
UpgradeDatabaseNow run in 1625 msec, with no upgrade actions required.




14:15:42  15 May -------------------------------------------------------------------------
UpgradeDatabaseNow run in 1969 msec, with no upgrade actions required.




14:23:41  15 May -------------------------------------------------------------------------
UpgradeDatabaseNow run in 485 msec, with no upgrade actions required.




15:01:10  15 May -------------------------------------------------------------------------
UpgradeDatabaseNow run in 1219 msec, with no upgrade actions required.




15:11:22  15 May -------------------------------------------------------------------------
UpgradeDatabaseNow run in 844 msec, with no upgrade actions required.




15:31:07  15 May -------------------------------------------------------------------------
UpgradeDatabaseNow run in 437 msec, with no upgrade actions required.




15:46:04  15 May -------------------------------------------------------------------------
UpgradeDatabaseNow run in 875 msec, with no upgrade actions required.




16:11:22  15 May -------------------------------------------------------------------------
UpgradeDatabaseNow run in 1218 msec, with no upgrade actions required.




16:15:24  15 May -------------------------------------------------------------------------
UpgradeDatabaseNow run in 937 msec, with no upgrade actions required.




16:26:32  15 May -------------------------------------------------------------------------
UpgradeDatabaseNow run in 1922 msec, with no upgrade actions required.




16:43:54  15 May -------------------------------------------------------------------------
UpgradeDatabaseNow run in 562 msec, with no upgrade actions required.




17:02:13  15 May -------------------------------------------------------------------------
UpgradeDatabaseNow run in 469 msec, with no upgrade actions required.




17:32:05  15 May -------------------------------------------------------------------------
UpgradeDatabaseNow run in 141 msec, with no upgrade actions required.




17:51:34  15 May -------------------------------------------------------------------------
UpgradeDatabaseNow run in 125 msec, with no upgrade actions required.




22:39:20  15 May -------------------------------------------------------------------------
UpgradeDatabaseNow run in 875 msec, with no upgrade actions required.




00:21:06  16 May -------------------------------------------------------------------------
UpgradeDatabaseNow run in 93 msec, with no upgrade actions required.




00:22:07  16 May -------------------------------------------------------------------------
UpgradeDatabaseNow run in 94 msec, with no upgrade actions required.




00:22:27  16 May -------------------------------------------------------------------------
UpgradeDatabaseNow run in 438 msec, with no upgrade actions required.




00:24:29  16 May -------------------------------------------------------------------------
UpgradeDatabaseNow run in 391 msec, with no upgrade actions required.




00:32:29  16 May -------------------------------------------------------------------------
UpgradeDatabaseNow run in 218 msec, with no upgrade actions required.




00:42:37  16 May -------------------------------------------------------------------------
UpgradeDatabaseNow run in 641 msec, with no upgrade actions required.




10:37:15  16 May -------------------------------------------------------------------------
UpgradeDatabaseNow run in 11797 msec, with no upgrade actions required.




10:42:47  16 May -------------------------------------------------------------------------
UpgradeDatabaseNow run in 1031 msec, with no upgrade actions required.




10:50:21  16 May -------------------------------------------------------------------------
UpgradeDatabaseNow run in 2265 msec, with no upgrade actions required.




11:05:06  16 May -------------------------------------------------------------------------
UpgradeDatabaseNow run in 1031 msec, with no upgrade actions required.




11:27:17  16 May -------------------------------------------------------------------------
UpgradeDatabaseNow run in 1437 msec, with no upgrade actions required.




11:30:42  16 May -------------------------------------------------------------------------
UpgradeDatabaseNow run in 578 msec, with no upgrade actions required.




11:32:32  16 May -------------------------------------------------------------------------
UpgradeDatabaseNow run in 672 msec, with no upgrade actions required.




11:56:48  16 May -------------------------------------------------------------------------
UpgradeDatabaseNow run in 1969 msec, with no upgrade actions required.




12:10:54  16 May -------------------------------------------------------------------------
UpgradeDatabaseNow run in 312 msec, with no upgrade actions required.




12:17:52  16 May -------------------------------------------------------------------------
UpgradeDatabaseNow run in 985 msec, with no upgrade actions required.




12:21:06  16 May -------------------------------------------------------------------------
UpgradeDatabaseNow run in 281 msec, with no upgrade actions required.




12:34:52  16 May -------------------------------------------------------------------------
UpgradeDatabaseNow run in 328 msec, with no upgrade actions required.




12:59:19  16 May -------------------------------------------------------------------------
UpgradeDatabaseNow run in 1578 msec, with no upgrade actions required.




13:27:43  16 May -------------------------------------------------------------------------
UpgradeDatabaseNow run in 953 msec, with no upgrade actions required.




16:19:15  16 May -------------------------------------------------------------------------
UpgradeDatabaseNow run in 547 msec, with no upgrade actions required.




16:38:22  16 May -------------------------------------------------------------------------
UpgradeDatabaseNow run in 406 msec, with no upgrade actions required.




16:57:53  16 May -------------------------------------------------------------------------
UpgradeDatabaseNow run in 906 msec, with no upgrade actions required.




19:22:58  16 May -------------------------------------------------------------------------
UpgradeDatabaseNow run in 125 msec, with no upgrade actions required.




19:26:31  16 May -------------------------------------------------------------------------
UpgradeDatabaseNow run in 110 msec, with no upgrade actions required.




19:49:00  16 May -------------------------------------------------------------------------
UpgradeDatabaseNow run in 94 msec, with no upgrade actions required.




09:53:16  17 May -------------------------------------------------------------------------
UpgradeDatabaseNow run in 469 msec, with no upgrade actions required.




16:15:37  17 May -------------------------------------------------------------------------
UpgradeDatabaseNow run in 94 msec, with no upgrade actions required.




16:21:02  17 May -------------------------------------------------------------------------
UpgradeDatabaseNow run in 1157 msec, with no upgrade actions required.




16:27:35  17 May -------------------------------------------------------------------------
UpgradeDatabaseNow run in 7578 msec, with no upgrade actions required.




16:40:51  17 May -------------------------------------------------------------------------
UpgradeDatabaseNow run in 2172 msec, with no upgrade actions required.




17:21:47  17 May -------------------------------------------------------------------------
UpgradeDatabaseNow run in 641 msec, with no upgrade actions required.




17:40:13  17 May -------------------------------------------------------------------------
UpgradeDatabaseNow run in 328 msec, with no upgrade actions required.




18:17:11  17 May -------------------------------------------------------------------------
UpgradeDatabaseNow run in 2672 msec, with no upgrade actions required.




18:28:41  17 May -------------------------------------------------------------------------
UpgradeDatabaseNow run in 1844 msec, with no upgrade actions required.




18:35:54  17 May -------------------------------------------------------------------------
UpgradeDatabaseNow run in 344 msec, with no upgrade actions required.




18:39:03  17 May -------------------------------------------------------------------------
UpgradeDatabaseNow run in 297 msec, with no upgrade actions required.




19:01:55  17 May -------------------------------------------------------------------------
UpgradeDatabaseNow run in 359 msec, with no upgrade actions required.




19:07:20  17 May -------------------------------------------------------------------------
UpgradeDatabaseNow run in 219 msec, with no upgrade actions required.




06:44:34  18 May -------------------------------------------------------------------------
UpgradeDatabaseNow run in 1219 msec, with no upgrade actions required.




08:00:06  18 May -------------------------------------------------------------------------
UpgradeDatabaseNow run in 547 msec, with no upgrade actions required.




14:37:00  18 May -------------------------------------------------------------------------
UpgradeDatabaseNow run in 156 msec, with no upgrade actions required.




15:16:45  18 May -------------------------------------------------------------------------
UpgradeDatabaseNow run in 94 msec, with no upgrade actions required.




15:19:46  18 May -------------------------------------------------------------------------
UpgradeDatabaseNow run in 625 msec, with no upgrade actions required.




15:25:41  18 May -------------------------------------------------------------------------
UpgradeDatabaseNow run in 484 msec, with no upgrade actions required.




15:39:11  18 May -------------------------------------------------------------------------
UpgradeDatabaseNow run in 453 msec, with no upgrade actions required.




16:56:04  18 May -------------------------------------------------------------------------
UpgradeDatabaseNow run in 2891 msec, with no upgrade actions required.




17:09:12  18 May -------------------------------------------------------------------------
UpgradeDatabaseNow run in 422 msec, with no upgrade actions required.




17:47:06  18 May -------------------------------------------------------------------------
UpgradeDatabaseNow run in 609 msec, with no upgrade actions required.




09:45:04  20 May -------------------------------------------------------------------------
UpgradeDatabaseNow run in 110 msec, with no upgrade actions required.




10:32:34  20 May -------------------------------------------------------------------------
UpgradeDatabaseNow run in 78 msec, with no upgrade actions required.




10:45:29  20 May -------------------------------------------------------------------------
UpgradeDatabaseNow run in 47 msec, with no upgrade actions required.




13:49:10  20 May -------------------------------------------------------------------------
UpgradeDatabaseNow run in 141 msec, with no upgrade actions required.




13:57:14  20 May -------------------------------------------------------------------------
UpgradeDatabaseNow run in 266 msec, with no upgrade actions required.




15:00:45  20 May -------------------------------------------------------------------------
UpgradeDatabaseNow run in 172 msec, with no upgrade actions required.




15:39:38  20 May -------------------------------------------------------------------------
UpgradeDatabaseNow run in 2188 msec, with no upgrade actions required.




15:45:00  20 May -------------------------------------------------------------------------
UpgradeDatabaseNow run in 969 msec, with no upgrade actions required.




15:52:25  20 May -------------------------------------------------------------------------
UpgradeDatabaseNow run in 781 msec, with no upgrade actions required.




15:57:14  20 May -------------------------------------------------------------------------
UpgradeDatabaseNow run in 4110 msec, with no upgrade actions required.




16:20:10  20 May -------------------------------------------------------------------------
UpgradeDatabaseNow run in 1000 msec, with no upgrade actions required.




16:48:03  20 May -------------------------------------------------------------------------
UpgradeDatabaseNow run in 625 msec, with no upgrade actions required.




17:16:08  20 May -------------------------------------------------------------------------
UpgradeDatabaseNow run in 407 msec, with no upgrade actions required.




18:09:31  20 May -------------------------------------------------------------------------
UpgradeDatabaseNow run in 438 msec, with no upgrade actions required.




18:49:34  20 May -------------------------------------------------------------------------
UpgradeDatabaseNow run in 188 msec, with no upgrade actions required.




21:52:44  20 May -------------------------------------------------------------------------
UpgradeDatabaseNow run in 6422 msec, with no upgrade actions required.




11:08:16  21 May -------------------------------------------------------------------------
UpgradeDatabaseNow run in 2234 msec, with no upgrade actions required.




16:47:08  21 May -------------------------------------------------------------------------
UpgradeDatabaseNow run in 1813 msec, with no upgrade actions required.




20:05:25  21 May -------------------------------------------------------------------------
UpgradeDatabaseNow run in 3813 msec, with no upgrade actions required.




12:46:05  26 May -------------------------------------------------------------------------
UpgradeDatabaseNow run in 250 msec, with no upgrade actions required.




09:18:47  28 May -------------------------------------------------------------------------
UpgradeDatabaseNow run in 218 msec, with no upgrade actions required.




11:01:33  29 May -------------------------------------------------------------------------
UpgradeDatabaseNow run in 203 msec, with no upgrade actions required.




14:39:03  2 Jun -------------------------------------------------------------------------
UpgradeDatabaseNow run in 234 msec, with no upgrade actions required.




06:43:33  10 Jun -------------------------------------------------------------------------
UpgradeDatabaseNow run in 219 msec, with no upgrade actions required.




15:24:01  19 Jun -------------------------------------------------------------------------
UpgradeDatabaseNow run in 203 msec, with no upgrade actions required.




08:34:04  20 Jun -------------------------------------------------------------------------
UpgradeDatabaseNow run in 203 msec, with no upgrade actions required.




15:58:44  22 Jun -------------------------------------------------------------------------
UpgradeDatabaseNow run in 219 msec, with no upgrade actions required.




08:26:26  23 Jun -------------------------------------------------------------------------
UpgradeDatabaseNow run in 219 msec, with no upgrade actions required.




15:25:48  23 Jun -------------------------------------------------------------------------
UpgradeDatabaseNow run in 203 msec, with no upgrade actions required.




20:49:10  24 Jun -------------------------------------------------------------------------
UpgradeDatabaseNow run in 203 msec, with no upgrade actions required.




21:22:21  25 Jun -------------------------------------------------------------------------
UpgradeDatabaseNow run in 625 msec, with no upgrade actions required.




20:16:20  29 Jun -------------------------------------------------------------------------
UpgradeDatabaseNow run in 735 msec, with no upgrade actions required.




15:34:40  30 Jun -------------------------------------------------------------------------
UpgradeDatabaseNow run in 203 msec, with no upgrade actions required.




10:01:19  3 Jul -------------------------------------------------------------------------
UpgradeDatabaseNow run in 203 msec, with no upgrade actions required.




14:11:46  7 Jul -------------------------------------------------------------------------
UpgradeDatabaseNow run in 234 msec, with no upgrade actions required.




11:21:44  8 Jul -------------------------------------------------------------------------
UpgradeDatabaseNow run in 203 msec, with no upgrade actions required.




13:43:25  13 Jul -------------------------------------------------------------------------
UpgradeDatabaseNow run in 234 msec, with no upgrade actions required.




23:16:35  15 Jul -------------------------------------------------------------------------
UpgradeDatabaseNow run in 218 msec, with no upgrade actions required.




03:10:12  16 Jul -------------------------------------------------------------------------
UpgradeDatabaseNow run in 203 msec, with no upgrade actions required.




07:15:40  16 Jul -------------------------------------------------------------------------
UpgradeDatabaseNow run in 19234 msec, with no upgrade actions required.




11:25:26  16 Jul -------------------------------------------------------------------------
UpgradeDatabaseNow run in 469 msec, with no upgrade actions required.




17:55:39  21 Jul -------------------------------------------------------------------------
UpgradeDatabaseNow run in 2484 msec, with no upgrade actions required.




10:11:49  23 Jul -------------------------------------------------------------------------
UpgradeDatabaseNow run in 218 msec, with no upgrade actions required.




13:02:48  27 Jul -------------------------------------------------------------------------
UpgradeDatabaseNow run in 203 msec, with no upgrade actions required.




14:08:53  27 Jul -------------------------------------------------------------------------
UpgradeDatabaseNow run in 1828 msec, with no upgrade actions required.




14:38:03  27 Jul -------------------------------------------------------------------------
UpgradeDatabaseNow run in 125 msec, with no upgrade actions required.




09:45:18  28 Jul -------------------------------------------------------------------------
UpgradeDatabaseNow run in 203 msec, with no upgrade actions required.




10:44:53  28 Jul -------------------------------------------------------------------------
UpgradeDatabaseNow run in 172 msec, with no upgrade actions required.




11:18:57  28 Jul -------------------------------------------------------------------------
UpgradeDatabaseNow run in 906 msec, with no upgrade actions required.




15:41:54  28 Jul -------------------------------------------------------------------------
UpgradeDatabaseNow run in 140 msec, with no upgrade actions required.




08:52:20  29 Jul -------------------------------------------------------------------------
UpgradeDatabaseNow run in 203 msec, with no upgrade actions required.




09:56:36  30 Jul -------------------------------------------------------------------------
UpgradeDatabaseNow run in 203 msec, with no upgrade actions required.




11:28:00  31 Jul -------------------------------------------------------------------------
UpgradeDatabaseNow run in 188 msec, with no upgrade actions required.




09:32:02  3 Aug -------------------------------------------------------------------------
UpgradeDatabaseNow run in 234 msec, with no upgrade actions required.




15:24:52  4 Aug -------------------------------------------------------------------------
UpgradeDatabaseNow run in 250 msec, with no upgrade actions required.




10:53:09  6 Aug -------------------------------------------------------------------------
UpgradeDatabaseNow run in 234 msec, with no upgrade actions required.




10:09:30  7 Aug -------------------------------------------------------------------------
UpgradeDatabaseNow run in 187 msec, with no upgrade actions required.




15:30:23  11 Aug -------------------------------------------------------------------------
UpgradeDatabaseNow run in 219 msec, with no upgrade actions required.




08:06:19  12 Aug -------------------------------------------------------------------------
UpgradeDatabaseNow run in 3594 msec, with no upgrade actions required.




18:14:06  12 Aug -------------------------------------------------------------------------
UpgradeDatabaseNow run in 1453 msec, with no upgrade actions required.




18:34:42  12 Aug -------------------------------------------------------------------------
UpgradeDatabaseNow run in 3765 msec, with no upgrade actions required.




18:56:14  12 Aug -------------------------------------------------------------------------
UpgradeDatabaseNow run in 172 msec, with no upgrade actions required.




19:06:36  12 Aug -------------------------------------------------------------------------
UpgradeDatabaseNow run in 234 msec, with no upgrade actions required.




19:15:31  12 Aug -------------------------------------------------------------------------
UpgradeDatabaseNow run in 266 msec, with no upgrade actions required.




19:25:59  12 Aug -------------------------------------------------------------------------
UpgradeDatabaseNow run in 297 msec, with no upgrade actions required.




19:40:22  12 Aug -------------------------------------------------------------------------
UpgradeDatabaseNow run in 297 msec, with no upgrade actions required.




19:46:18  12 Aug -------------------------------------------------------------------------
UpgradeDatabaseNow run in 297 msec, with no upgrade actions required.




19:53:50  12 Aug -------------------------------------------------------------------------
UpgradeDatabaseNow run in 203 msec, with no upgrade actions required.




20:04:11  12 Aug -------------------------------------------------------------------------
UpgradeDatabaseNow run in 234 msec, with no upgrade actions required.




20:09:22  12 Aug -------------------------------------------------------------------------
UpgradeDatabaseNow run in 250 msec, with no upgrade actions required.




20:15:43  12 Aug -------------------------------------------------------------------------
UpgradeDatabaseNow run in 344 msec, with no upgrade actions required.




20:32:21  12 Aug -------------------------------------------------------------------------
UpgradeDatabaseNow run in 391 msec, with no upgrade actions required.




20:41:26  12 Aug -------------------------------------------------------------------------
UpgradeDatabaseNow run in 203 msec, with no upgrade actions required.




20:54:23  12 Aug -------------------------------------------------------------------------
UpgradeDatabaseNow run in 187 msec, with no upgrade actions required.




21:02:29  12 Aug -------------------------------------------------------------------------
UpgradeDatabaseNow run in 203 msec, with no upgrade actions required.




21:06:54  12 Aug -------------------------------------------------------------------------
UpgradeDatabaseNow run in 282 msec, with no upgrade actions required.




21:23:58  12 Aug -------------------------------------------------------------------------
UpgradeDatabaseNow run in 250 msec, with no upgrade actions required.




21:31:17  12 Aug -------------------------------------------------------------------------
UpgradeDatabaseNow run in 218 msec, with no upgrade actions required.




21:37:41  12 Aug -------------------------------------------------------------------------
UpgradeDatabaseNow run in 265 msec, with no upgrade actions required.




21:47:22  12 Aug -------------------------------------------------------------------------
UpgradeDatabaseNow run in 282 msec, with no upgrade actions required.




21:59:58  12 Aug -------------------------------------------------------------------------
UpgradeDatabaseNow run in 235 msec, with no upgrade actions required.




22:07:28  12 Aug -------------------------------------------------------------------------
UpgradeDatabaseNow run in 281 msec, with no upgrade actions required.




10:59:48  14 Aug -------------------------------------------------------------------------
UpgradeDatabaseNow run in 312 msec, with no upgrade actions required.




11:53:22  14 Aug -------------------------------------------------------------------------
UpgradeDatabaseNow run in 63 msec, with no upgrade actions required.




12:06:33  14 Aug -------------------------------------------------------------------------
UpgradeDatabaseNow run in 1938 msec, with no upgrade actions required.




20:30:44  15 Aug -------------------------------------------------------------------------
UpgradeDatabaseNow run in 719 msec, with no upgrade actions required.




11:50:31  17 Aug -------------------------------------------------------------------------
UpgradeDatabaseNow run in 219 msec, with no upgrade actions required.




09:41:56  18 Aug -------------------------------------------------------------------------
UpgradeDatabaseNow run in 531 msec, with no upgrade actions required.




10:11:39  20 Aug -------------------------------------------------------------------------
UpgradeDatabaseNow run in 219 msec, with no upgrade actions required.




13:40:10  20 Aug -------------------------------------------------------------------------
UpgradeDatabaseNow run in 250 msec, with no upgrade actions required.




08:35:23  21 Aug -------------------------------------------------------------------------
UpgradeDatabaseNow run in 203 msec, with no upgrade actions required.




07:16:22  24 Aug -------------------------------------------------------------------------
UpgradeDatabaseNow run in 219 msec, with no upgrade actions required.




12:43:28  25 Aug -------------------------------------------------------------------------
UpgradeDatabaseNow run in 234 msec, with no upgrade actions required.




09:14:48  26 Aug -------------------------------------------------------------------------
UpgradeDatabaseNow run in 562 msec, with no upgrade actions required.




09:17:12  27 Aug -------------------------------------------------------------------------
UpgradeDatabaseNow run in 204 msec, with no upgrade actions required.




10:39:39  27 Aug -------------------------------------------------------------------------
UpgradeDatabaseNow run in 187 msec, with no upgrade actions required.




07:48:13  28 Aug -------------------------------------------------------------------------
UpgradeDatabaseNow run in 187 msec, with no upgrade actions required.




01:16:46  29 Aug -------------------------------------------------------------------------
UpgradeDatabaseNow run in 203 msec, with no upgrade actions required.




09:23:52  31 Aug -------------------------------------------------------------------------
UpgradeDatabaseNow run in 204 msec, with no upgrade actions required.




13:34:39  31 Aug -------------------------------------------------------------------------
UpgradeDatabaseNow run in 688 msec, with no upgrade actions required.




11:09:42  1 Sep -------------------------------------------------------------------------
UpgradeDatabaseNow run in 563 msec, with no upgrade actions required.




12:37:35  1 Sep -------------------------------------------------------------------------
UpgradeDatabaseNow run in 266 msec, with no upgrade actions required.




12:42:49  1 Sep -------------------------------------------------------------------------
UpgradeDatabaseNow run in 219 msec, with no upgrade actions required.




15:00:41  1 Sep -------------------------------------------------------------------------
UpgradeDatabaseNow run in 125 msec, with no upgrade actions required.




03:54:47  2 Sep -------------------------------------------------------------------------
UpgradeDatabaseNow run in 203 msec, with no upgrade actions required.




03:02:31  3 Sep -------------------------------------------------------------------------
UpgradeDatabaseNow run in 219 msec, with no upgrade actions required.




00:20:40  4 Sep -------------------------------------------------------------------------
UpgradeDatabaseNow run in 1047 msec, with no upgrade actions required.




03:28:05  4 Sep -------------------------------------------------------------------------
UpgradeDatabaseNow run in 250 msec, with no upgrade actions required.




04:26:16  5 Sep -------------------------------------------------------------------------
UpgradeDatabaseNow run in 281 msec, with no upgrade actions required.




09:39:15  6 Sep -------------------------------------------------------------------------
UpgradeDatabaseNow run in 203 msec, with no upgrade actions required.




05:08:20  7 Sep -------------------------------------------------------------------------
UpgradeDatabaseNow run in 250 msec, with no upgrade actions required.




04:59:51  8 Sep -------------------------------------------------------------------------
UpgradeDatabaseNow run in 218 msec, with no upgrade actions required.




07:15:48  9 Sep -------------------------------------------------------------------------
UpgradeDatabaseNow run in 219 msec, with no upgrade actions required.




04:38:51  10 Sep -------------------------------------------------------------------------
UpgradeDatabaseNow run in 375 msec, with no upgrade actions required.




07:11:57  11 Sep -------------------------------------------------------------------------
UpgradeDatabaseNow run in 235 msec, with no upgrade actions required.




14:48:05  11 Sep -------------------------------------------------------------------------
UpgradeDatabaseNow run in 7375 msec, with no upgrade actions required.




15:22:23  11 Sep -------------------------------------------------------------------------
UpgradeDatabaseNow run in 547 msec, with no upgrade actions required.




16:37:31  11 Sep -------------------------------------------------------------------------
UpgradeDatabaseNow run in 766 msec, with no upgrade actions required.




16:47:44  11 Sep -------------------------------------------------------------------------
UpgradeDatabaseNow run in 297 msec, with no upgrade actions required.




04:02:21  12 Sep -------------------------------------------------------------------------
UpgradeDatabaseNow run in 219 msec, with no upgrade actions required.




05:59:22  13 Sep -------------------------------------------------------------------------
UpgradeDatabaseNow run in 204 msec, with no upgrade actions required.




06:24:18  14 Sep -------------------------------------------------------------------------
UpgradeDatabaseNow run in 203 msec, with no upgrade actions required.




09:26:56  14 Sep -------------------------------------------------------------------------
UpgradeDatabaseNow run in 797 msec, with no upgrade actions required.




17:11:21  14 Sep -------------------------------------------------------------------------
UpgradeDatabaseNow run in 406 msec, with no upgrade actions required.




17:14:54  14 Sep -------------------------------------------------------------------------
UpgradeDatabaseNow run in 782 msec, with no upgrade actions required.




17:17:40  14 Sep -------------------------------------------------------------------------
UpgradeDatabaseNow run in 172 msec, with no upgrade actions required.




08:11:26  15 Sep -------------------------------------------------------------------------
UpgradeDatabaseNow run in 453 msec, with no upgrade actions required.




04:01:51  16 Sep -------------------------------------------------------------------------
UpgradeDatabaseNow run in 344 msec, with no upgrade actions required.




05:46:18  17 Sep -------------------------------------------------------------------------
UpgradeDatabaseNow run in 203 msec, with no upgrade actions required.




09:19:03  17 Sep -------------------------------------------------------------------------
UpgradeDatabaseNow run in 1141 msec, with no upgrade actions required.




09:48:35  17 Sep -------------------------------------------------------------------------
UpgradeDatabaseNow run in 2047 msec, with no upgrade actions required.




09:59:35  17 Sep -------------------------------------------------------------------------
UpgradeDatabaseNow run in 2875 msec, with no upgrade actions required.




15:47:11  17 Sep -------------------------------------------------------------------------
UpgradeDatabaseNow run in 296 msec, with no upgrade actions required.




05:11:32  18 Sep -------------------------------------------------------------------------
UpgradeDatabaseNow run in 203 msec, with no upgrade actions required.




05:35:02  19 Sep -------------------------------------------------------------------------
UpgradeDatabaseNow run in 187 msec, with no upgrade actions required.




06:34:46  20 Sep -------------------------------------------------------------------------
UpgradeDatabaseNow run in 203 msec, with no upgrade actions required.




04:34:35  21 Sep -------------------------------------------------------------------------
UpgradeDatabaseNow run in 219 msec, with no upgrade actions required.




14:39:04  22 Sep -------------------------------------------------------------------------
UpgradeDatabaseNow run in 281 msec, with no upgrade actions required.




14:52:59  22 Sep -------------------------------------------------------------------------
UpgradeDatabaseNow run in 172 msec, with no upgrade actions required.




03:16:54  23 Sep -------------------------------------------------------------------------
UpgradeDatabaseNow run in 187 msec, with no upgrade actions required.




03:39:26  24 Sep -------------------------------------------------------------------------
UpgradeDatabaseNow run in 203 msec, with no upgrade actions required.




04:23:56  25 Sep -------------------------------------------------------------------------
UpgradeDatabaseNow run in 203 msec, with no upgrade actions required.




04:58:56  26 Sep -------------------------------------------------------------------------
UpgradeDatabaseNow run in 203 msec, with no upgrade actions required.




06:24:30  27 Sep -------------------------------------------------------------------------
UpgradeDatabaseNow run in 219 msec, with no upgrade actions required.




07:51:44  28 Sep -------------------------------------------------------------------------
UpgradeDatabaseNow run in 219 msec, with no upgrade actions required.




07:25:08  29 Sep -------------------------------------------------------------------------
UpgradeDatabaseNow run in 375 msec, with no upgrade actions required.




04:55:59  30 Sep -------------------------------------------------------------------------
UpgradeDatabaseNow run in 218 msec, with no upgrade actions required.




07:33:45  1 Oct -------------------------------------------------------------------------
UpgradeDatabaseNow run in 219 msec, with no upgrade actions required.




06:25:18  2 Oct -------------------------------------------------------------------------
UpgradeDatabaseNow run in 187 msec, with no upgrade actions required.




07:28:25  3 Oct -------------------------------------------------------------------------
UpgradeDatabaseNow run in 234 msec, with no upgrade actions required.




07:44:45  4 Oct -------------------------------------------------------------------------
UpgradeDatabaseNow run in 219 msec, with no upgrade actions required.




06:51:50  5 Oct -------------------------------------------------------------------------
UpgradeDatabaseNow run in 204 msec, with no upgrade actions required.




04:57:38  6 Oct -------------------------------------------------------------------------
UpgradeDatabaseNow run in 219 msec, with no upgrade actions required.




05:24:29  7 Oct -------------------------------------------------------------------------
UpgradeDatabaseNow run in 203 msec, with no upgrade actions required.




08:35:36  8 Oct -------------------------------------------------------------------------
UpgradeDatabaseNow run in 204 msec, with no upgrade actions required.




07:07:54  9 Oct -------------------------------------------------------------------------
UpgradeDatabaseNow run in 188 msec, with no upgrade actions required.




08:28:39  10 Oct -------------------------------------------------------------------------
UpgradeDatabaseNow run in 187 msec, with no upgrade actions required.




08:35:38  11 Oct -------------------------------------------------------------------------
UpgradeDatabaseNow run in 187 msec, with no upgrade actions required.




03:33:31  12 Oct -------------------------------------------------------------------------
UpgradeDatabaseNow run in 204 msec, with no upgrade actions required.




06:54:11  13 Oct -------------------------------------------------------------------------
UpgradeDatabaseNow run in 250 msec, with no upgrade actions required.




03:05:24  14 Oct -------------------------------------------------------------------------
UpgradeDatabaseNow run in 219 msec, with no upgrade actions required.




04:12:13  15 Oct -------------------------------------------------------------------------
UpgradeDatabaseNow run in 203 msec, with no upgrade actions required.




07:49:59  16 Oct -------------------------------------------------------------------------
UpgradeDatabaseNow run in 203 msec, with no upgrade actions required.




04:10:22  17 Oct -------------------------------------------------------------------------
UpgradeDatabaseNow run in 203 msec, with no upgrade actions required.




04:08:42  18 Oct -------------------------------------------------------------------------
UpgradeDatabaseNow run in 203 msec, with no upgrade actions required.




06:44:32  19 Oct -------------------------------------------------------------------------
UpgradeDatabaseNow run in 219 msec, with no upgrade actions required.




04:02:22  20 Oct -------------------------------------------------------------------------
UpgradeDatabaseNow run in 187 msec, with no upgrade actions required.




07:43:36  21 Oct -------------------------------------------------------------------------
UpgradeDatabaseNow run in 235 msec, with no upgrade actions required.




05:47:34  22 Oct -------------------------------------------------------------------------
UpgradeDatabaseNow run in 204 msec, with no upgrade actions required.




06:34:41  23 Oct -------------------------------------------------------------------------
UpgradeDatabaseNow run in 203 msec, with no upgrade actions required.




06:33:36  24 Oct -------------------------------------------------------------------------
UpgradeDatabaseNow run in 203 msec, with no upgrade actions required.




03:34:11  25 Oct -------------------------------------------------------------------------
UpgradeDatabaseNow run in 219 msec, with no upgrade actions required.




06:56:12  26 Oct -------------------------------------------------------------------------
UpgradeDatabaseNow run in 219 msec, with no upgrade actions required.




03:32:43  27 Oct -------------------------------------------------------------------------
UpgradeDatabaseNow run in 219 msec, with no upgrade actions required.




03:00:52  28 Oct -------------------------------------------------------------------------
UpgradeDatabaseNow run in 219 msec, with no upgrade actions required.




04:13:35  29 Oct -------------------------------------------------------------------------
UpgradeDatabaseNow run in 219 msec, with no upgrade actions required.




07:19:54  30 Oct -------------------------------------------------------------------------
UpgradeDatabaseNow run in 219 msec, with no upgrade actions required.




06:10:23  31 Oct -------------------------------------------------------------------------
UpgradeDatabaseNow run in 188 msec, with no upgrade actions required.




03:37:54  1 Nov -------------------------------------------------------------------------
UpgradeDatabaseNow run in 187 msec, with no upgrade actions required.




07:31:46  2 Nov -------------------------------------------------------------------------
UpgradeDatabaseNow run in 203 msec, with no upgrade actions required.




06:07:52  3 Nov -------------------------------------------------------------------------
UpgradeDatabaseNow run in 203 msec, with no upgrade actions required.




08:01:49  4 Nov -------------------------------------------------------------------------
UpgradeDatabaseNow run in 234 msec, with no upgrade actions required.




05:46:30  5 Nov -------------------------------------------------------------------------
UpgradeDatabaseNow run in 203 msec, with no upgrade actions required.




04:37:26  6 Nov -------------------------------------------------------------------------
UpgradeDatabaseNow run in 187 msec, with no upgrade actions required.




03:41:53  7 Nov -------------------------------------------------------------------------
UpgradeDatabaseNow run in 219 msec, with no upgrade actions required.




06:54:00  8 Nov -------------------------------------------------------------------------
UpgradeDatabaseNow run in 219 msec, with no upgrade actions required.




08:10:22  9 Nov -------------------------------------------------------------------------
UpgradeDatabaseNow run in 203 msec, with no upgrade actions required.




06:47:34  10 Nov -------------------------------------------------------------------------
UpgradeDatabaseNow run in 219 msec, with no upgrade actions required.




03:22:46  11 Nov -------------------------------------------------------------------------
UpgradeDatabaseNow run in 203 msec, with no upgrade actions required.




07:31:36  12 Nov -------------------------------------------------------------------------
UpgradeDatabaseNow run in 219 msec, with no upgrade actions required.




03:09:52  13 Nov -------------------------------------------------------------------------
UpgradeDatabaseNow run in 203 msec, with no upgrade actions required.




07:44:03  14 Nov -------------------------------------------------------------------------
UpgradeDatabaseNow run in 265 msec, with no upgrade actions required.




06:52:43  15 Nov -------------------------------------------------------------------------
UpgradeDatabaseNow run in 204 msec, with no upgrade actions required.




03:47:29  16 Nov -------------------------------------------------------------------------
UpgradeDatabaseNow run in 187 msec, with no upgrade actions required.




05:03:17  17 Nov -------------------------------------------------------------------------
UpgradeDatabaseNow run in 219 msec, with no upgrade actions required.




06:14:07  18 Nov -------------------------------------------------------------------------
UpgradeDatabaseNow run in 234 msec, with no upgrade actions required.




03:41:29  19 Nov -------------------------------------------------------------------------
UpgradeDatabaseNow run in 359 msec, with no upgrade actions required.




05:22:33  20 Nov -------------------------------------------------------------------------
UpgradeDatabaseNow run in 203 msec, with no upgrade actions required.




06:09:06  21 Nov -------------------------------------------------------------------------
UpgradeDatabaseNow run in 219 msec, with no upgrade actions required.




08:31:51  22 Nov -------------------------------------------------------------------------
UpgradeDatabaseNow run in 203 msec, with no upgrade actions required.




08:06:45  23 Nov -------------------------------------------------------------------------
UpgradeDatabaseNow run in 281 msec, with no upgrade actions required.




05:28:15  24 Nov -------------------------------------------------------------------------
UpgradeDatabaseNow run in 282 msec, with no upgrade actions required.




05:11:30  25 Nov -------------------------------------------------------------------------
UpgradeDatabaseNow run in 187 msec, with no upgrade actions required.




06:45:20  26 Nov -------------------------------------------------------------------------
UpgradeDatabaseNow run in 203 msec, with no upgrade actions required.




03:08:27  27 Nov -------------------------------------------------------------------------
UpgradeDatabaseNow run in 203 msec, with no upgrade actions required.




08:45:26  28 Nov -------------------------------------------------------------------------
UpgradeDatabaseNow run in 203 msec, with no upgrade actions required.




05:23:31  29 Nov -------------------------------------------------------------------------
UpgradeDatabaseNow run in 203 msec, with no upgrade actions required.




07:11:18  30 Nov -------------------------------------------------------------------------
UpgradeDatabaseNow run in 219 msec, with no upgrade actions required.




06:03:27  1 Dec -------------------------------------------------------------------------
UpgradeDatabaseNow run in 281 msec, with no upgrade actions required.




06:09:02  2 Dec -------------------------------------------------------------------------
UpgradeDatabaseNow run in 328 msec, with no upgrade actions required.




06:26:25  3 Dec -------------------------------------------------------------------------
UpgradeDatabaseNow run in 265 msec, with no upgrade actions required.




07:04:41  4 Dec -------------------------------------------------------------------------
UpgradeDatabaseNow run in 234 msec, with no upgrade actions required.




08:06:41  5 Dec -------------------------------------------------------------------------
UpgradeDatabaseNow run in 219 msec, with no upgrade actions required.




08:21:48  6 Dec -------------------------------------------------------------------------
UpgradeDatabaseNow run in 219 msec, with no upgrade actions required.




04:35:16  7 Dec -------------------------------------------------------------------------
UpgradeDatabaseNow run in 250 msec, with no upgrade actions required.




07:13:36  8 Dec -------------------------------------------------------------------------
UpgradeDatabaseNow run in 219 msec, with no upgrade actions required.




04:19:55  9 Dec -------------------------------------------------------------------------
UpgradeDatabaseNow run in 219 msec, with no upgrade actions required.




18:27:18  9 Dec -------------------------------------------------------------------------
UpgradeDatabaseNow run in 546 msec, with no upgrade actions required.




03:11:03  10 Dec -------------------------------------------------------------------------
UpgradeDatabaseNow run in 218 msec, with no upgrade actions required.




12:50:39  10 Dec -------------------------------------------------------------------------
UpgradeDatabaseNow run in 438 msec, with no upgrade actions required.




03:45:55  11 Dec -------------------------------------------------------------------------
UpgradeDatabaseNow run in 235 msec, with no upgrade actions required.




04:44:23  12 Dec -------------------------------------------------------------------------
UpgradeDatabaseNow run in 203 msec, with no upgrade actions required.




08:57:15  13 Dec -------------------------------------------------------------------------
UpgradeDatabaseNow run in 187 msec, with no upgrade actions required.




06:20:18  14 Dec -------------------------------------------------------------------------
UpgradeDatabaseNow run in 219 msec, with no upgrade actions required.




04:58:49  15 Dec -------------------------------------------------------------------------
UpgradeDatabaseNow run in 188 msec, with no upgrade actions required.




06:59:09  16 Dec -------------------------------------------------------------------------
UpgradeDatabaseNow run in 234 msec, with no upgrade actions required.




03:23:48  17 Dec -------------------------------------------------------------------------
UpgradeDatabaseNow run in 188 msec, with no upgrade actions required.




06:57:53  18 Dec -------------------------------------------------------------------------
UpgradeDatabaseNow run in 203 msec, with no upgrade actions required.




05:46:27  19 Dec -------------------------------------------------------------------------
UpgradeDatabaseNow run in 218 msec, with no upgrade actions required.




09:27:16  20 Dec -------------------------------------------------------------------------
UpgradeDatabaseNow run in 313 msec, with no upgrade actions required.




07:33:01  21 Dec -------------------------------------------------------------------------
UpgradeDatabaseNow run in 203 msec, with no upgrade actions required.




07:36:39  22 Dec -------------------------------------------------------------------------
UpgradeDatabaseNow run in 203 msec, with no upgrade actions required.




06:31:14  23 Dec -------------------------------------------------------------------------
UpgradeDatabaseNow run in 204 msec, with no upgrade actions required.




06:42:10  24 Dec -------------------------------------------------------------------------
UpgradeDatabaseNow run in 234 msec, with no upgrade actions required.




06:42:51  25 Dec -------------------------------------------------------------------------
UpgradeDatabaseNow run in 203 msec, with no upgrade actions required.




07:19:36  26 Dec -------------------------------------------------------------------------
UpgradeDatabaseNow run in 219 msec, with no upgrade actions required.




07:44:00  27 Dec -------------------------------------------------------------------------
UpgradeDatabaseNow run in 219 msec, with no upgrade actions required.




04:48:12  28 Dec -------------------------------------------------------------------------
UpgradeDatabaseNow run in 235 msec, with no upgrade actions required.




04:40:47  29 Dec -------------------------------------------------------------------------
UpgradeDatabaseNow run in 266 msec, with no upgrade actions required.




08:25:50  30 Dec -------------------------------------------------------------------------
UpgradeDatabaseNow run in 250 msec, with no upgrade actions required.




07:37:07  31 Dec -------------------------------------------------------------------------
UpgradeDatabaseNow run in 250 msec, with no upgrade actions required.




09:02:03  1 Jan -------------------------------------------------------------------------
UpgradeDatabaseNow run in 203 msec, with no upgrade actions required.




09:04:12  2 Jan -------------------------------------------------------------------------
UpgradeDatabaseNow run in 188 msec, with no upgrade actions required.




08:00:18  3 Jan -------------------------------------------------------------------------
UpgradeDatabaseNow run in 218 msec, with no upgrade actions required.




04:23:13  4 Jan -------------------------------------------------------------------------
UpgradeDatabaseNow run in 219 msec, with no upgrade actions required.




05:04:59  5 Jan -------------------------------------------------------------------------
UpgradeDatabaseNow run in 219 msec, with no upgrade actions required.




07:40:49  6 Jan -------------------------------------------------------------------------
UpgradeDatabaseNow run in 187 msec, with no upgrade actions required.




03:56:19  7 Jan -------------------------------------------------------------------------
UpgradeDatabaseNow run in 219 msec, with no upgrade actions required.




05:32:55  8 Jan -------------------------------------------------------------------------
UpgradeDatabaseNow run in 203 msec, with no upgrade actions required.




04:59:46  9 Jan -------------------------------------------------------------------------
UpgradeDatabaseNow run in 219 msec, with no upgrade actions required.




07:45:24  10 Jan -------------------------------------------------------------------------
UpgradeDatabaseNow run in 219 msec, with no upgrade actions required.




06:50:16  11 Jan -------------------------------------------------------------------------
UpgradeDatabaseNow run in 203 msec, with no upgrade actions required.




03:57:36  12 Jan -------------------------------------------------------------------------
UpgradeDatabaseNow run in 187 msec, with no upgrade actions required.




03:23:54  13 Jan -------------------------------------------------------------------------
UpgradeDatabaseNow run in 203 msec, with no upgrade actions required.




03:39:09  14 Jan -------------------------------------------------------------------------
UpgradeDatabaseNow run in 203 msec, with no upgrade actions required.




07:05:22  15 Jan -------------------------------------------------------------------------
UpgradeDatabaseNow run in 234 msec, with no upgrade actions required.




08:08:47  16 Jan -------------------------------------------------------------------------
UpgradeDatabaseNow run in 218 msec, with no upgrade actions required.




03:50:59  17 Jan -------------------------------------------------------------------------
UpgradeDatabaseNow run in 204 msec, with no upgrade actions required.




07:12:10  18 Jan -------------------------------------------------------------------------
UpgradeDatabaseNow run in 203 msec, with no upgrade actions required.




06:15:03  19 Jan -------------------------------------------------------------------------
UpgradeDatabaseNow run in 203 msec, with no upgrade actions required.




05:15:30  20 Jan -------------------------------------------------------------------------
UpgradeDatabaseNow run in 203 msec, with no upgrade actions required.




03:07:55  21 Jan -------------------------------------------------------------------------
UpgradeDatabaseNow run in 219 msec, with no upgrade actions required.




03:39:14  22 Jan -------------------------------------------------------------------------
UpgradeDatabaseNow run in 203 msec, with no upgrade actions required.




05:38:12  23 Jan -------------------------------------------------------------------------
UpgradeDatabaseNow run in 234 msec, with no upgrade actions required.




05:18:54  24 Jan -------------------------------------------------------------------------
UpgradeDatabaseNow run in 234 msec, with no upgrade actions required.




03:00:10  25 Jan -------------------------------------------------------------------------
UpgradeDatabaseNow run in 390 msec, with no upgrade actions required.




07:40:47  26 Jan -------------------------------------------------------------------------
UpgradeDatabaseNow run in 187 msec, with no upgrade actions required.




05:51:35  27 Jan -------------------------------------------------------------------------
UpgradeDatabaseNow run in 203 msec, with no upgrade actions required.




07:39:24  28 Jan -------------------------------------------------------------------------
UpgradeDatabaseNow run in 203 msec, with no upgrade actions required.




04:29:41  29 Jan -------------------------------------------------------------------------
UpgradeDatabaseNow run in 203 msec, with no upgrade actions required.




03:41:05  30 Jan -------------------------------------------------------------------------
UpgradeDatabaseNow run in 235 msec, with no upgrade actions required.




04:38:38  31 Jan -------------------------------------------------------------------------
UpgradeDatabaseNow run in 219 msec, with no upgrade actions required.




03:35:15  1 Feb -------------------------------------------------------------------------
UpgradeDatabaseNow run in 219 msec, with no upgrade actions required.




05:51:26  2 Feb -------------------------------------------------------------------------
UpgradeDatabaseNow run in 219 msec, with no upgrade actions required.




03:59:14  3 Feb -------------------------------------------------------------------------
UpgradeDatabaseNow run in 203 msec, with no upgrade actions required.




05:40:41  4 Feb -------------------------------------------------------------------------
UpgradeDatabaseNow run in 219 msec, with no upgrade actions required.




04:15:10  5 Feb -------------------------------------------------------------------------
UpgradeDatabaseNow run in 204 msec, with no upgrade actions required.




06:49:33  6 Feb -------------------------------------------------------------------------
UpgradeDatabaseNow run in 218 msec, with no upgrade actions required.




08:42:07  7 Feb -------------------------------------------------------------------------
UpgradeDatabaseNow run in 219 msec, with no upgrade actions required.




03:24:08  8 Feb -------------------------------------------------------------------------
UpgradeDatabaseNow run in 203 msec, with no upgrade actions required.




03:20:44  9 Feb -------------------------------------------------------------------------
UpgradeDatabaseNow run in 218 msec, with no upgrade actions required.




06:04:28  10 Feb -------------------------------------------------------------------------
UpgradeDatabaseNow run in 235 msec, with no upgrade actions required.




03:41:09  11 Feb -------------------------------------------------------------------------
UpgradeDatabaseNow run in 250 msec, with no upgrade actions required.




04:06:34  12 Feb -------------------------------------------------------------------------
UpgradeDatabaseNow run in 219 msec, with no upgrade actions required.




08:14:28  13 Feb -------------------------------------------------------------------------
UpgradeDatabaseNow run in 250 msec, with no upgrade actions required.




05:48:41  14 Feb -------------------------------------------------------------------------
UpgradeDatabaseNow run in 219 msec, with no upgrade actions required.




04:24:42  15 Feb -------------------------------------------------------------------------
UpgradeDatabaseNow run in 203 msec, with no upgrade actions required.




06:58:07  16 Feb -------------------------------------------------------------------------
UpgradeDatabaseNow run in 203 msec, with no upgrade actions required.




08:42:38  17 Feb -------------------------------------------------------------------------
UpgradeDatabaseNow run in 203 msec, with no upgrade actions required.




08:45:13  18 Feb -------------------------------------------------------------------------
UpgradeDatabaseNow run in 219 msec, with no upgrade actions required.




08:37:59  19 Feb -------------------------------------------------------------------------
UpgradeDatabaseNow run in 203 msec, with no upgrade actions required.




03:08:38  20 Feb -------------------------------------------------------------------------
UpgradeDatabaseNow run in 563 msec, with no upgrade actions required.




08:30:13  21 Feb -------------------------------------------------------------------------
UpgradeDatabaseNow run in 234 msec, with no upgrade actions required.




05:31:57  22 Feb -------------------------------------------------------------------------
UpgradeDatabaseNow run in 204 msec, with no upgrade actions required.




04:13:19  23 Feb -------------------------------------------------------------------------
UpgradeDatabaseNow run in 218 msec, with no upgrade actions required.




04:50:33  24 Feb -------------------------------------------------------------------------
UpgradeDatabaseNow run in 218 msec, with no upgrade actions required.




04:56:03  25 Feb -------------------------------------------------------------------------
UpgradeDatabaseNow run in 219 msec, with no upgrade actions required.




03:20:27  26 Feb -------------------------------------------------------------------------
UpgradeDatabaseNow run in 203 msec, with no upgrade actions required.




06:53:32  27 Feb -------------------------------------------------------------------------
UpgradeDatabaseNow run in 203 msec, with no upgrade actions required.




04:09:15  28 Feb -------------------------------------------------------------------------
UpgradeDatabaseNow run in 219 msec, with no upgrade actions required.




06:24:59  29 Feb -------------------------------------------------------------------------
UpgradeDatabaseNow run in 203 msec, with no upgrade actions required.




08:33:19  1 Mar -------------------------------------------------------------------------
UpgradeDatabaseNow run in 266 msec, with no upgrade actions required.




03:28:01  2 Mar -------------------------------------------------------------------------
UpgradeDatabaseNow run in 235 msec, with no upgrade actions required.




07:25:40  3 Mar -------------------------------------------------------------------------
UpgradeDatabaseNow run in 203 msec, with no upgrade actions required.




09:21:36  4 Mar -------------------------------------------------------------------------
UpgradeDatabaseNow run in 219 msec, with no upgrade actions required.




08:28:44  5 Mar -------------------------------------------------------------------------
UpgradeDatabaseNow run in 234 msec, with no upgrade actions required.




07:51:34  6 Mar -------------------------------------------------------------------------
UpgradeDatabaseNow run in 203 msec, with no upgrade actions required.




07:55:51  7 Mar -------------------------------------------------------------------------
UpgradeDatabaseNow run in 219 msec, with no upgrade actions required.




08:02:54  8 Mar -------------------------------------------------------------------------
UpgradeDatabaseNow run in 250 msec, with no upgrade actions required.




04:46:54  9 Mar -------------------------------------------------------------------------
UpgradeDatabaseNow run in 219 msec, with no upgrade actions required.




07:02:52  10 Mar -------------------------------------------------------------------------
UpgradeDatabaseNow run in 219 msec, with no upgrade actions required.




04:34:52  11 Mar -------------------------------------------------------------------------
UpgradeDatabaseNow run in 187 msec, with no upgrade actions required.




08:16:28  12 Mar -------------------------------------------------------------------------
UpgradeDatabaseNow run in 203 msec, with no upgrade actions required.




06:18:29  13 Mar -------------------------------------------------------------------------
UpgradeDatabaseNow run in 235 msec, with no upgrade actions required.




07:02:57  14 Mar -------------------------------------------------------------------------
UpgradeDatabaseNow run in 188 msec, with no upgrade actions required.




07:03:12  15 Mar -------------------------------------------------------------------------
UpgradeDatabaseNow run in 203 msec, with no upgrade actions required.




04:24:40  16 Mar -------------------------------------------------------------------------
UpgradeDatabaseNow run in 219 msec, with no upgrade actions required.




03:44:35  17 Mar -------------------------------------------------------------------------
UpgradeDatabaseNow run in 204 msec, with no upgrade actions required.




03:36:30  18 Mar -------------------------------------------------------------------------
UpgradeDatabaseNow run in 235 msec, with no upgrade actions required.




05:06:52  19 Mar -------------------------------------------------------------------------
UpgradeDatabaseNow run in 234 msec, with no upgrade actions required.




04:29:14  20 Mar -------------------------------------------------------------------------
UpgradeDatabaseNow run in 219 msec, with no upgrade actions required.




07:05:00  21 Mar -------------------------------------------------------------------------
UpgradeDatabaseNow run in 203 msec, with no upgrade actions required.




03:41:26  22 Mar -------------------------------------------------------------------------
UpgradeDatabaseNow run in 218 msec, with no upgrade actions required.




06:51:03  23 Mar -------------------------------------------------------------------------
UpgradeDatabaseNow run in 218 msec, with no upgrade actions required.




07:23:33  24 Mar -------------------------------------------------------------------------
UpgradeDatabaseNow run in 219 msec, with no upgrade actions required.




07:02:21  25 Mar -------------------------------------------------------------------------
UpgradeDatabaseNow run in 219 msec, with no upgrade actions required.




03:01:40  26 Mar -------------------------------------------------------------------------
UpgradeDatabaseNow run in 219 msec, with no upgrade actions required.




07:51:52  27 Mar -------------------------------------------------------------------------
UpgradeDatabaseNow run in 234 msec, with no upgrade actions required.




05:20:17  28 Mar -------------------------------------------------------------------------
UpgradeDatabaseNow run in 235 msec, with no upgrade actions required.




08:16:41  29 Mar -------------------------------------------------------------------------
UpgradeDatabaseNow run in 219 msec, with no upgrade actions required.




03:20:50  30 Mar -------------------------------------------------------------------------
UpgradeDatabaseNow run in 203 msec, with no upgrade actions required.




08:29:05  31 Mar -------------------------------------------------------------------------
UpgradeDatabaseNow run in 203 msec, with no upgrade actions required.




06:43:43  1 Apr -------------------------------------------------------------------------
UpgradeDatabaseNow run in 203 msec, with no upgrade actions required.




06:24:49  2 Apr -------------------------------------------------------------------------
UpgradeDatabaseNow run in 187 msec, with no upgrade actions required.




10:11:11  3 Apr -------------------------------------------------------------------------
UpgradeDatabaseNow run in 188 msec, with no upgrade actions required.




03:00:08  4 Apr -------------------------------------------------------------------------
UpgradeDatabaseNow run in 281 msec, with no upgrade actions required.




05:24:24  5 Apr -------------------------------------------------------------------------
UpgradeDatabaseNow run in 187 msec, with no upgrade actions required.




06:48:25  6 Apr -------------------------------------------------------------------------
UpgradeDatabaseNow run in 219 msec, with no upgrade actions required.




04:47:58  7 Apr -------------------------------------------------------------------------
UpgradeDatabaseNow run in 204 msec, with no upgrade actions required.




03:48:56  8 Apr -------------------------------------------------------------------------
UpgradeDatabaseNow run in 187 msec, with no upgrade actions required.




07:09:38  9 Apr -------------------------------------------------------------------------
UpgradeDatabaseNow run in 203 msec, with no upgrade actions required.




06:04:09  10 Apr -------------------------------------------------------------------------
UpgradeDatabaseNow run in 219 msec, with no upgrade actions required.




05:00:33  11 Apr -------------------------------------------------------------------------
UpgradeDatabaseNow run in 204 msec, with no upgrade actions required.




04:09:58  12 Apr -------------------------------------------------------------------------
UpgradeDatabaseNow run in 203 msec, with no upgrade actions required.




03:05:57  13 Apr -------------------------------------------------------------------------
UpgradeDatabaseNow run in 218 msec, with no upgrade actions required.




04:40:56  14 Apr -------------------------------------------------------------------------
UpgradeDatabaseNow run in 218 msec, with no upgrade actions required.




06:47:49  15 Apr -------------------------------------------------------------------------
UpgradeDatabaseNow run in 203 msec, with no upgrade actions required.




04:51:42  16 Apr -------------------------------------------------------------------------
UpgradeDatabaseNow run in 203 msec, with no upgrade actions required.




07:35:02  17 Apr -------------------------------------------------------------------------
UpgradeDatabaseNow run in 188 msec, with no upgrade actions required.




05:10:45  18 Apr -------------------------------------------------------------------------
UpgradeDatabaseNow run in 235 msec, with no upgrade actions required.




06:33:53  19 Apr -------------------------------------------------------------------------
UpgradeDatabaseNow run in 218 msec, with no upgrade actions required.




08:44:35  20 Apr -------------------------------------------------------------------------
UpgradeDatabaseNow run in 250 msec, with no upgrade actions required.




03:42:03  21 Apr -------------------------------------------------------------------------
UpgradeDatabaseNow run in 203 msec, with no upgrade actions required.




06:32:29  22 Apr -------------------------------------------------------------------------
UpgradeDatabaseNow run in 219 msec, with no upgrade actions required.




07:49:32  23 Apr -------------------------------------------------------------------------
UpgradeDatabaseNow run in 266 msec, with no upgrade actions required.




05:08:02  24 Apr -------------------------------------------------------------------------
UpgradeDatabaseNow run in 203 msec, with no upgrade actions required.




07:10:29  25 Apr -------------------------------------------------------------------------
UpgradeDatabaseNow run in 203 msec, with no upgrade actions required.




05:29:55  26 Apr -------------------------------------------------------------------------
UpgradeDatabaseNow run in 203 msec, with no upgrade actions required.




06:34:04  27 Apr -------------------------------------------------------------------------
UpgradeDatabaseNow run in 187 msec, with no upgrade actions required.




08:01:10  28 Apr -------------------------------------------------------------------------
UpgradeDatabaseNow run in 219 msec, with no upgrade actions required.




03:53:16  29 Apr -------------------------------------------------------------------------
UpgradeDatabaseNow run in 203 msec, with no upgrade actions required.




07:35:32  30 Apr -------------------------------------------------------------------------
UpgradeDatabaseNow run in 219 msec, with no upgrade actions required.




05:54:37  1 May -------------------------------------------------------------------------
UpgradeDatabaseNow run in 234 msec, with no upgrade actions required.




05:56:20  2 May -------------------------------------------------------------------------
UpgradeDatabaseNow run in 219 msec, with no upgrade actions required.




04:29:19  3 May -------------------------------------------------------------------------
UpgradeDatabaseNow run in 234 msec, with no upgrade actions required.




07:08:14  4 May -------------------------------------------------------------------------
UpgradeDatabaseNow run in 203 msec, with no upgrade actions required.




06:04:18  5 May -------------------------------------------------------------------------
UpgradeDatabaseNow run in 203 msec, with no upgrade actions required.




06:53:18  6 May -------------------------------------------------------------------------
UpgradeDatabaseNow run in 234 msec, with no upgrade actions required.




04:30:53  7 May -------------------------------------------------------------------------
UpgradeDatabaseNow run in 219 msec, with no upgrade actions required.




03:11:43  8 May -------------------------------------------------------------------------
UpgradeDatabaseNow run in 219 msec, with no upgrade actions required.




07:52:11  9 May -------------------------------------------------------------------------
UpgradeDatabaseNow run in 219 msec, with no upgrade actions required.




08:18:06  10 May -------------------------------------------------------------------------
UpgradeDatabaseNow run in 250 msec, with no upgrade actions required.




03:56:21  11 May -------------------------------------------------------------------------
UpgradeDatabaseNow run in 235 msec, with no upgrade actions required.




05:12:19  12 May -------------------------------------------------------------------------
UpgradeDatabaseNow run in 219 msec, with no upgrade actions required.




03:50:33  13 May -------------------------------------------------------------------------
UpgradeDatabaseNow run in 203 msec, with no upgrade actions required.




09:03:05  14 May -------------------------------------------------------------------------
UpgradeDatabaseNow run in 203 msec, with no upgrade actions required.




17:24:02  14 May -------------------------------------------------------------------------
UpgradeDatabaseNow run in 203 msec, with no upgrade actions required.




07:41:17  15 May -------------------------------------------------------------------------
UpgradeDatabaseNow run in 188 msec, with no upgrade actions required.




06:18:56  16 May -------------------------------------------------------------------------
UpgradeDatabaseNow run in 203 msec, with no upgrade actions required.




14:00:32  26 May -------------------------------------------------------------------------
UpgradeDatabaseNow run in 6157 msec, with no upgrade actions required.




14:00:44  26 May -------------------------------------------------------------------------
UpgradeDatabaseNow run in 922 msec, with no upgrade actions required.




14:00:44  26 May -------------------------------------------------------------------------
UpgradeDatabaseNow run in 109 msec, with no upgrade actions required.




14:00:48  26 May -------------------------------------------------------------------------
UpgradeDatabaseNow run in 156 msec, with no upgrade actions required.




14:00:58  26 May -------------------------------------------------------------------------
UpgradeDatabaseNow run in 94 msec, with no upgrade actions required.




14:00:58  26 May -------------------------------------------------------------------------
UpgradeDatabaseNow run in 93 msec, with no upgrade actions required.




14:00:58  26 May -------------------------------------------------------------------------
UpgradeDatabaseNow run in 78 msec, with no upgrade actions required.




14:01:26  26 May -------------------------------------------------------------------------
UpgradeDatabaseNow run in 297 msec, with no upgrade actions required.




14:01:36  26 May -------------------------------------------------------------------------
UpgradeDatabaseNow run in 47 msec, with no upgrade actions required.




14:01:36  26 May -------------------------------------------------------------------------
UpgradeDatabaseNow run in 47 msec, with no upgrade actions required.




14:01:37  26 May -------------------------------------------------------------------------
UpgradeDatabaseNow run in 78 msec, with no upgrade actions required.




14:01:37  26 May -------------------------------------------------------------------------
UpgradeDatabaseNow run in 63 msec, with no upgrade actions required.




14:01:37  26 May -------------------------------------------------------------------------
UpgradeDatabaseNow run in 78 msec, with no upgrade actions required.




14:01:37  26 May -------------------------------------------------------------------------
UpgradeDatabaseNow run in 78 msec, with no upgrade actions required.




00:28:10  28 Apr -------------------------------------------------------------------------
UpgradeDatabaseNow run in 6641 msec, with no upgrade actions required.




00:36:31  28 Apr -------------------------------------------------------------------------
UpgradeDatabaseNow run in 4532 msec, with no upgrade actions required.




00:38:31  28 Apr -------------------------------------------------------------------------
UpgradeDatabaseNow run in 4937 msec, with no upgrade actions required.




00:46:52  28 Apr -------------------------------------------------------------------------
UpgradeDatabaseNow run in 5359 msec, with no upgrade actions required.




01:10:35  28 Apr -------------------------------------------------------------------------
UpgradeDatabaseNow run in 9594 msec, with no upgrade actions required.




